<?xml version="1.0" encoding="UTF-8"?>
<robot generator="Robot 7.4.1 (Python 3.13.0 on win32)" generated="2026-02-05T01:04:03.328150" rpa="false" schemaversion="5">
<suite id="s1" name="Lab8" source="C:\Users\CHONWEEZZ\Documents\software enginerring\jenkinsTest\tests\Lab8.robot">
<test id="s1-t1" name="Open KKU Computing Website" line="15">
<kw name="Open Browser To Login Page">
<kw name="Evaluate" owner="BuiltIn">
<msg time="2026-02-05T01:04:03.640938" level="INFO">${chrome_options} = &lt;selenium.webdriver.chrome.options.Options object at 0x0000027E5FC8D400&gt;</msg>
<var>${chrome_options}</var>
<arg>sys.modules['selenium.webdriver'].ChromeOptions()</arg>
<arg>sys</arg>
<doc>Evaluates the given expression in Python and returns the result.</doc>
<status status="PASS" start="2026-02-05T01:04:03.640602" elapsed="0.000367"/>
</kw>
<kw name="Call Method" owner="BuiltIn">
<arg>${chrome_options}</arg>
<arg>add_argument</arg>
<arg>--no-sandbox</arg>
<doc>Calls the named method of the given object with the provided arguments.</doc>
<status status="PASS" start="2026-02-05T01:04:03.641058" elapsed="0.000180"/>
</kw>
<kw name="Call Method" owner="BuiltIn">
<arg>${chrome_options}</arg>
<arg>add_argument</arg>
<arg>--disable-dev-shm-usage</arg>
<doc>Calls the named method of the given object with the provided arguments.</doc>
<status status="PASS" start="2026-02-05T01:04:03.641306" elapsed="0.000199"/>
</kw>
<kw name="Call Method" owner="BuiltIn">
<arg>${chrome_options}</arg>
<arg>add_argument</arg>
<arg>--headless</arg>
<doc>Calls the named method of the given object with the provided arguments.</doc>
<status status="PASS" start="2026-02-05T01:04:03.641599" elapsed="0.000168"/>
</kw>
<kw name="Create Webdriver" owner="SeleniumLibrary">
<msg time="2026-02-05T01:04:03.642079" level="INFO">Creating an instance of the Chrome WebDriver.</msg>
<arg>Chrome</arg>
<arg>options=${chrome_options}</arg>
<doc>Creates an instance of Selenium WebDriver.</doc>
<status status="PASS" start="2026-02-05T01:04:03.641950" elapsed="1.797689"/>
</kw>
<kw name="Go To" owner="SeleniumLibrary">
<msg time="2026-02-05T01:04:05.439860" level="INFO">Opening url 'https://computing.kku.ac.th'</msg>
<arg>https://computing.kku.ac.th</arg>
<doc>Navigates the current browser window to the provided ``url``.</doc>
<status status="PASS" start="2026-02-05T01:04:05.439765" elapsed="0.131386"/>
</kw>
<status status="PASS" start="2026-02-05T01:04:03.639854" elapsed="1.931404"/>
</kw>
<kw name="Sleep" owner="BuiltIn">
<msg time="2026-02-05T01:04:08.571902" level="INFO">Slept 3 seconds.</msg>
<arg>3s</arg>
<doc>Pauses the test executed for the given time.</doc>
<status status="PASS" start="2026-02-05T01:04:05.571495" elapsed="3.000501"/>
</kw>
<kw name="Close Browser" owner="SeleniumLibrary">
<doc>Closes the current browser.</doc>
<status status="PASS" start="2026-02-05T01:04:08.572276" elapsed="2.086354"/>
</kw>
<status status="PASS" start="2026-02-05T01:04:03.639403" elapsed="7.019487"/>
</test>
<status status="PASS" start="2026-02-05T01:04:03.329596" elapsed="7.329977"/>
</suite>
<statistics>
<total>
<stat pass="1" fail="0" skip="0">All Tests</stat>
</total>
<tag>
</tag>
<suite>
<stat name="Lab8" id="s1" pass="1" fail="0" skip="0">Lab8</stat>
</suite>
</statistics>
<errors>
</errors>
</robot>
